<?xml version="1.0" encoding="UTF-8"?>
<!-- Generated by org.testng.reporters.JUnitReportReporter -->
<testsuite hostname="mukta" failures="0" tests="2" name="LivingLiquidztestNg.VerifySearchbox" time="4.553" errors="0" timestamp="2023-04-21T13:02:10 IST" skipped="1">
  <testcase classname="LivingLiquidztestNg.VerifySearchbox" name="verifySearch" time="0.000">
    <skipped/>
  </testcase> <!-- verifySearch -->
  <system-out/>
  <testcase classname="LivingLiquidztestNg.VerifySearchbox" name="verifySearch" time="4.553"/>
  <system-out/>
</testsuite> <!-- LivingLiquidztestNg.VerifySearchbox -->
