<?xml version="1.0" encoding="UTF-8"?>
<!-- Generated by org.testng.reporters.JUnitReportReporter -->
<testsuite hostname="mukta" failures="0" tests="4" name="LivingLiquidztestNg.VerifySignIn" time="0.000" errors="0" timestamp="2023-04-01T23:14:33 IST" skipped="4">
  <testcase classname="LivingLiquidztestNg.VerifySignIn" name="verifySignInTitlePage" time="0.000">
    <skipped/>
  </testcase> <!-- verifySignInTitlePage -->
  <system-out/>
  <testcase classname="LivingLiquidztestNg.VerifySignIn" name="verifySigninError" time="0.000">
    <skipped/>
  </testcase> <!-- verifySigninError -->
  <system-out/>
  <testcase classname="LivingLiquidztestNg.VerifySignIn" name="verifySigninError" time="0.000">
    <skipped/>
  </testcase> <!-- verifySigninError -->
  <system-out/>
  <testcase classname="LivingLiquidztestNg.VerifySignIn" name="verifySignInTitlePage" time="0.000">
    <skipped/>
  </testcase> <!-- verifySignInTitlePage -->
  <system-out/>
</testsuite> <!-- LivingLiquidztestNg.VerifySignIn -->
