<?xml version="1.0" encoding="UTF-8"?>
<!-- Generated by org.testng.reporters.JUnitReportReporter -->
<testsuite hostname="mukta" failures="0" tests="6" name="LivingLiquidztestNg.VerifyHomepageWebelements" time="0.000" errors="0" timestamp="2023-04-01T23:14:33 IST" skipped="6">
  <testcase classname="LivingLiquidztestNg.VerifyHomepageWebelements" name="verifyGiftingtext" time="0.000">
    <skipped/>
  </testcase> <!-- verifyGiftingtext -->
  <system-out/>
  <testcase classname="LivingLiquidztestNg.VerifyHomepageWebelements" name="verifyStoreLocatortext" time="0.000">
    <skipped/>
  </testcase> <!-- verifyStoreLocatortext -->
  <system-out/>
  <testcase classname="LivingLiquidztestNg.VerifyHomepageWebelements" name="verifyGiftingtext" time="0.000">
    <skipped/>
  </testcase> <!-- verifyGiftingtext -->
  <system-out/>
  <testcase classname="LivingLiquidztestNg.VerifyHomepageWebelements" name="VerifySignIntext" time="0.000">
    <skipped/>
  </testcase> <!-- VerifySignIntext -->
  <system-out/>
  <testcase classname="LivingLiquidztestNg.VerifyHomepageWebelements" name="verifyStoreLocatortext" time="0.000">
    <skipped/>
  </testcase> <!-- verifyStoreLocatortext -->
  <system-out/>
  <testcase classname="LivingLiquidztestNg.VerifyHomepageWebelements" name="VerifySignIntext" time="0.000">
    <skipped/>
  </testcase> <!-- VerifySignIntext -->
  <system-out/>
</testsuite> <!-- LivingLiquidztestNg.VerifyHomepageWebelements -->
